GROUP,PACKAGE,CLASS,INSTRUCTION_MISSED,INSTRUCTION_COVERED,BRANCH_MISSED,BRANCH_COVERED,LINE_MISSED,LINE_COVERED,COMPLEXITY_MISSED,COMPLEXITY_COVERED,METHOD_MISSED,METHOD_COVERED
ElasticSearch Java Utilities,com.wirktop.esutils.index,Indexer,3,319,4,16,1,71,5,33,1,27
ElasticSearch Java Utilities,com.wirktop.esutils.index,IndexBatch,0,62,0,4,0,20,0,8,0,6
ElasticSearch Java Utilities,com.wirktop.esutils.search,Search,35,219,1,13,9,52,2,25,1,19
ElasticSearch Java Utilities,com.wirktop.esutils.search,ScrollIterator,5,109,2,6,1,28,2,6,0,4
ElasticSearch Java Utilities,com.wirktop.esutils.search,SearchIterator,5,102,2,6,1,24,2,6,0,4
ElasticSearch Java Utilities,com.wirktop.esutils,SearchException,0,9,0,0,0,4,0,2,0,2
ElasticSearch Java Utilities,com.wirktop.esutils,DataBucket,8,29,0,4,4,10,2,5,2,3
ElasticSearch Java Utilities,com.wirktop.esutils,ElasticSearchClient,0,142,0,8,0,29,0,11,0,7
ElasticSearch Java Utilities,com.wirktop.esutils.admin,Admin,45,136,2,6,8,34,2,10,0,8
