GROUP,PACKAGE,CLASS,INSTRUCTION_MISSED,INSTRUCTION_COVERED,BRANCH_MISSED,BRANCH_COVERED,LINE_MISSED,LINE_COVERED,COMPLEXITY_MISSED,COMPLEXITY_COVERED,METHOD_MISSED,METHOD_COVERED
ElasticSearch Java Utilities,com.wirktop.esutils.index,Indexer,13,303,4,16,3,68,4,33,0,27
ElasticSearch Java Utilities,com.wirktop.esutils.index,IndexBatch,0,62,1,3,0,20,1,7,0,6
ElasticSearch Java Utilities,com.wirktop.esutils.scroll,ScrollIterator,5,109,2,6,1,28,2,6,0,4
ElasticSearch Java Utilities,com.wirktop.esutils,SearchClientBuilder,9,33,1,1,3,10,2,5,1,5
ElasticSearch Java Utilities,com.wirktop.esutils,Search,17,287,0,20,5,65,1,28,1,18
ElasticSearch Java Utilities,com.wirktop.esutils,SearchTransportBuilder,9,52,1,1,3,15,2,7,1,7
ElasticSearch Java Utilities,com.wirktop.esutils,SearchException,0,9,0,0,0,4,0,2,0,2
