GROUP,PACKAGE,CLASS,INSTRUCTION_MISSED,INSTRUCTION_COVERED,BRANCH_MISSED,BRANCH_COVERED,LINE_MISSED,LINE_COVERED,COMPLEXITY_MISSED,COMPLEXITY_COVERED,METHOD_MISSED,METHOD_COVERED
esutils,com.worktop.esutils.index,Indexer,0,269,4,16,0,62,4,29,0,23
esutils,com.worktop.esutils.index,IndexBatch,0,62,1,3,0,20,1,7,0,6
esutils,com.worktop.esutils,SearchTransportBuilder,9,52,1,1,3,15,2,7,1,7
esutils,com.worktop.esutils,SearchClientBuilder,9,33,1,1,3,10,2,5,1,5
esutils,com.worktop.esutils,Search,109,161,8,12,27,39,11,16,7,10
esutils,com.worktop.esutils,SearchException,5,4,0,0,2,2,1,1,1,1
